{"/Users/elizabeth.a/bnta_work/week_07/day_4/car_dealership/Car.js": {"path":"/Users/elizabeth.a/bnta_work/week_07/day_4/car_dealership/Car.js","statementMap":{"0":{"start":{"line":1,"column":12},"end":{"line":6,"column":1}},"1":{"start":{"line":2,"column":4},"end":{"line":2,"column":37}},"2":{"start":{"line":3,"column":4},"end":{"line":3,"column":23}},"3":{"start":{"line":4,"column":4},"end":{"line":4,"column":33}},"4":{"start":{"line":8,"column":4},"end":{"line":10,"column":2}},"5":{"start":{"line":9,"column":8},"end":{"line":9,"column":35}},"6":{"start":{"line":12,"column":4},"end":{"line":14,"column":2}},"7":{"start":{"line":13,"column":8},"end":{"line":13,"column":41}},"8":{"start":{"line":16,"column":4},"end":{"line":18,"column":3}},"9":{"start":{"line":17,"column":4},"end":{"line":17,"column":24}},"10":{"start":{"line":20,"column":4},"end":{"line":22,"column":2}},"11":{"start":{"line":21,"column":4},"end":{"line":21,"column":23}},"12":{"start":{"line":24,"column":4},"end":{"line":26,"column":2}},"13":{"start":{"line":25,"column":8},"end":{"line":25,"column":33}},"14":{"start":{"line":28,"column":4},"end":{"line":30,"column":2}},"15":{"start":{"line":29,"column":8},"end":{"line":29,"column":39}},"16":{"start":{"line":35,"column":0},"end":{"line":35,"column":21}}},"fnMap":{"0":{"name":"(anonymous_0)","decl":{"start":{"line":1,"column":12},"end":{"line":1,"column":13}},"loc":{"start":{"line":1,"column":54},"end":{"line":6,"column":1}},"line":1},"1":{"name":"(anonymous_1)","decl":{"start":{"line":8,"column":28},"end":{"line":8,"column":29}},"loc":{"start":{"line":8,"column":39},"end":{"line":10,"column":1}},"line":8},"2":{"name":"(anonymous_2)","decl":{"start":{"line":12,"column":28},"end":{"line":12,"column":29}},"loc":{"start":{"line":12,"column":50},"end":{"line":14,"column":1}},"line":12},"3":{"name":"(anonymous_3)","decl":{"start":{"line":16,"column":29},"end":{"line":16,"column":30}},"loc":{"start":{"line":16,"column":40},"end":{"line":18,"column":2}},"line":16},"4":{"name":"(anonymous_4)","decl":{"start":{"line":20,"column":29},"end":{"line":20,"column":30}},"loc":{"start":{"line":20,"column":44},"end":{"line":22,"column":1}},"line":20},"5":{"name":"(anonymous_5)","decl":{"start":{"line":24,"column":30},"end":{"line":24,"column":31}},"loc":{"start":{"line":24,"column":41},"end":{"line":26,"column":1}},"line":24},"6":{"name":"(anonymous_6)","decl":{"start":{"line":28,"column":30},"end":{"line":28,"column":31}},"loc":{"start":{"line":28,"column":50},"end":{"line":30,"column":1}},"line":28}},"branchMap":{},"s":{"0":2,"1":6,"2":6,"3":6,"4":2,"5":0,"6":2,"7":2,"8":2,"9":1,"10":2,"11":1,"12":2,"13":1,"14":2,"15":0,"16":2},"f":{"0":6,"1":0,"2":2,"3":1,"4":1,"5":1,"6":0},"b":{},"_coverageSchema":"1a1c01bbd47fc00a2c39e90264f33305004495a9","hash":"cba738f700a64ddbc043b2278b47115cc19ac4ee"}
,"/Users/elizabeth.a/bnta_work/week_07/day_4/car_dealership/dealership.js": {"path":"/Users/elizabeth.a/bnta_work/week_07/day_4/car_dealership/dealership.js","statementMap":{"0":{"start":{"line":1,"column":19},"end":{"line":6,"column":1}},"1":{"start":{"line":2,"column":4},"end":{"line":2,"column":21}},"2":{"start":{"line":3,"column":4},"end":{"line":3,"column":35}},"3":{"start":{"line":4,"column":4},"end":{"line":4,"column":20}},"4":{"start":{"line":8,"column":4},"end":{"line":11,"column":2}},"5":{"start":{"line":9,"column":8},"end":{"line":9,"column":33}},"6":{"start":{"line":12,"column":4},"end":{"line":19,"column":2}},"7":{"start":{"line":13,"column":8},"end":{"line":18,"column":9}},"8":{"start":{"line":14,"column":12},"end":{"line":14,"column":36}},"9":{"start":{"line":15,"column":12},"end":{"line":15,"column":23}},"10":{"start":{"line":17,"column":12},"end":{"line":17,"column":25}},"11":{"start":{"line":21,"column":4},"end":{"line":24,"column":4}},"12":{"start":{"line":22,"column":30},"end":{"line":22,"column":69}},"13":{"start":{"line":22,"column":52},"end":{"line":22,"column":68}},"14":{"start":{"line":23,"column":8},"end":{"line":23,"column":50}},"15":{"start":{"line":27,"column":0},"end":{"line":27,"column":28}}},"fnMap":{"0":{"name":"(anonymous_0)","decl":{"start":{"line":1,"column":19},"end":{"line":1,"column":20}},"loc":{"start":{"line":1,"column":47},"end":{"line":6,"column":1}},"line":1},"1":{"name":"(anonymous_1)","decl":{"start":{"line":8,"column":38},"end":{"line":8,"column":39}},"loc":{"start":{"line":8,"column":49},"end":{"line":11,"column":1}},"line":8},"2":{"name":"(anonymous_2)","decl":{"start":{"line":12,"column":41},"end":{"line":12,"column":42}},"loc":{"start":{"line":12,"column":57},"end":{"line":19,"column":1}},"line":12},"3":{"name":"(anonymous_3)","decl":{"start":{"line":21,"column":50},"end":{"line":21,"column":51}},"loc":{"start":{"line":21,"column":61},"end":{"line":24,"column":3}},"line":21},"4":{"name":"(anonymous_4)","decl":{"start":{"line":22,"column":45},"end":{"line":22,"column":46}},"loc":{"start":{"line":22,"column":52},"end":{"line":22,"column":68}},"line":22}},"branchMap":{"0":{"loc":{"start":{"line":13,"column":8},"end":{"line":18,"column":9}},"type":"if","locations":[{"start":{"line":13,"column":8},"end":{"line":18,"column":9}},{"start":{"line":16,"column":15},"end":{"line":18,"column":9}}],"line":13}},"s":{"0":1,"1":1,"2":1,"3":1,"4":1,"5":1,"6":1,"7":0,"8":0,"9":0,"10":0,"11":1,"12":0,"13":0,"14":0,"15":1},"f":{"0":1,"1":1,"2":0,"3":0,"4":0},"b":{"0":[0,0]},"_coverageSchema":"1a1c01bbd47fc00a2c39e90264f33305004495a9","hash":"eb8349d11cb043465ab2a22804dfa4cbd5c5a1c7"}
}
